  Press any key to continue . . . 
  buffer.cpp
  camera.cpp
  device.cpp
  gui.cpp
  image.cpp
  main.cpp
  GLM_GTX_hash requires C++11 standard library support
C:\Users\evaka\Documents\Visual Studio 2022\Projects\VulkanRenderer\VulkanRenderer\src\model.hpp(74,49): warning C4267: 'return': conversion from 'size_t' to 'int', possible loss of data
  (compiling source file 'src/main.cpp')
  
C:\Program Files (x86)\Windows Kits\10\Include\10.0.22621.0\shared\minwindef.h(130,1): warning C4005: 'APIENTRY': macro redefinition
  (compiling source file 'src/main.cpp')
  C:\Users\evaka\Documents\Visual Studio 2022\Libraries\glfw-3.4.bin.WIN64\include\GLFW\glfw3.h(123,1):
  see previous definition of 'APIENTRY'
  
C:\Users\evaka\Documents\Visual Studio 2022\Projects\VulkanRenderer\VulkanRenderer\src\main.cpp(88,65): warning C4244: '=': conversion from 'float' to 'int', possible loss of data
  model.cpp
  GLM_GTX_hash requires C++11 standard library support
C:\Users\evaka\Documents\Visual Studio 2022\Projects\VulkanRenderer\VulkanRenderer\src\model.hpp(74,49): warning C4267: 'return': conversion from 'size_t' to 'int', possible loss of data
  (compiling source file 'src/model.cpp')
  
  pipeline.cpp
  GLM_GTX_hash requires C++11 standard library support
C:\Users\evaka\Documents\Visual Studio 2022\Projects\VulkanRenderer\VulkanRenderer\src\model.hpp(74,49): warning C4267: 'return': conversion from 'size_t' to 'int', possible loss of data
  (compiling source file 'src/pipeline.cpp')
  
  renderer.cpp
C:\Program Files (x86)\Windows Kits\10\Include\10.0.22621.0\shared\minwindef.h(130,1): warning C4005: 'APIENTRY': macro redefinition
  (compiling source file 'src/renderer.cpp')
  C:\Users\evaka\Documents\Visual Studio 2022\Libraries\glfw-3.4.bin.WIN64\include\GLFW\glfw3.h(123,1):
  see previous definition of 'APIENTRY'
  
  GLM_GTX_hash requires C++11 standard library support
C:\Users\evaka\Documents\Visual Studio 2022\Projects\VulkanRenderer\VulkanRenderer\src\model.hpp(74,49): warning C4267: 'return': conversion from 'size_t' to 'int', possible loss of data
  (compiling source file 'src/renderer.cpp')
  
  texture.cpp
  window.cpp
  Generating code
  4 of 6376 functions (<0.1%) were compiled, the rest were copied from previous compilation.
    0 functions were new in current compilation
    61 functions had inline decision re-evaluated but remain unchanged
  Finished generating code
  VulkanRenderer.vcxproj -> C:\Users\evaka\Documents\Visual Studio 2022\Projects\VulkanRenderer\x64\Release\VulkanRenderer.exe
